<?xml version="1.0" encoding="UTF-8"?>
<!-- Generated by org.testng.reporters.JUnitXMLReporter -->
<testsuite ignored="1" hostname="HP-Omen" failures="0" tests="3" name="Default test" time="186.323" errors="0" timestamp="02 Mar. 2022 01:38:05 GMT">
  <testcase classname="com.ohrm.qa.testcases.AddEmployeeTest" name="navigateToAddEmployee" time="8.651"/>
  <testcase classname="com.ohrm.qa.testcases.AddEmployeeTest" name="verifyAllFieldsExistBeforeSelectingCreateLoginDetails" time="49.403"/>
  <testcase classname="com.ohrm.qa.testcases.AddEmployeeTest" name="verifyAllFieldsExistAfterSelectingCreateLoginDetails" time="91.051"/>
  <testcase classname="com.ohrm.qa.testcases.AddEmployeeTest" name="verifySendingMandatoryValues" time="0.0">
    <ignored/>
  </testcase> <!-- verifySendingMandatoryValues -->
</testsuite> <!-- Default test -->
