<?xml version="1.0" encoding="UTF-8"?>
<!-- Generated by org.testng.reporters.JUnitXMLReporter -->
<testsuite ignored="3" hostname="HP-Omen" failures="0" tests="0" time="0.003" errors="0" timestamp="28 Feb. 2022 20:33:39 GMT">
  <testcase classname="com.ohrm.qa.testcases.AddEmployeeTest" name="verifyAllFieldsExistAfterSelectingCreateLoginDetails" time="0.0">
    <ignored/>
  </testcase> <!-- verifyAllFieldsExistAfterSelectingCreateLoginDetails -->
  <testcase classname="com.ohrm.qa.testcases.AddEmployeeTest" name="navigateToAddEmployee" time="0.0">
    <ignored/>
  </testcase> <!-- navigateToAddEmployee -->
  <testcase classname="com.ohrm.qa.testcases.AddEmployeeTest" name="verifyAllFieldsExistBeforeSelectingCreateLoginDetails" time="0.0">
    <ignored/>
  </testcase> <!-- verifyAllFieldsExistBeforeSelectingCreateLoginDetails -->
</testsuite>
