<?xml version="1.0" encoding="UTF-8"?>
<!-- Generated by org.testng.reporters.JUnitXMLReporter -->
<testsuite ignored="1" hostname="HP-Omen" failures="0" tests="3" name="Test" time="188.04" errors="0" timestamp="03 Mar. 2022 00:21:00 GMT">
  <testcase classname="com.ohrm.qa.testcases.AddEmployeeTest" name="navigateToAddEmployee" time="8.727"/>
  <testcase classname="com.ohrm.qa.testcases.AddEmployeeTest" name="verifyAllFieldsExistBeforeSelectingCreateLoginDetails" time="49.454"/>
  <testcase classname="com.ohrm.qa.testcases.AddEmployeeTest" name="verifyAllFieldsExistAfterSelectingCreateLoginDetails" time="91.821"/>
  <testcase classname="com.ohrm.qa.testcases.AddEmployeeTest" name="verifySendingMandatoryValues" time="0.0">
    <ignored/>
  </testcase> <!-- verifySendingMandatoryValues -->
</testsuite> <!-- Test -->
