<?xml version="1.0" encoding="UTF-8"?>
<testsuite name="TestSuite" time="150" tests="3" errors="0" skipped="0" failures="0">
  <properties>
[...]
</properties>
  <testcase name="navigateToAddEmployee" classname="com.ohrm.qa.testcases.AddEmployeeTest" time="8.726"/>
  <testcase name="verifyAllFieldsExistBeforeSelectingCreateLoginDetails" classname="com.ohrm.qa.testcases.AddEmployeeTest" time="49.453"/>
  <testcase name="verifyAllFieldsExistAfterSelectingCreateLoginDetails" classname="com.ohrm.qa.testcases.AddEmployeeTest" time="91.821"/>
</testsuite>